<?xml version="1.0" encoding="UTF-8"?>
<testsuite name="no.nav.paw.arbeidssokerregisteret.InngagnSomVeilederTest" tests="1" skipped="0" failures="0" errors="0" timestamp="2024-05-03T04:06:59" hostname="nav-j4op-hpzg9" time="0.419">
  <properties/>
  <testcase name="forhåndsgodkjent param skal taes med til validering" classname="no.nav.paw.arbeidssokerregisteret.InngagnSomVeilederTest" time="0.419"/>
  <system-out><![CDATA[2024-05-03 06:06:59.745  INFO k.test:167 - No ktor.deployment.watch patterns specified, automatic reload is not active.
2024-05-03 06:06:59.945  INFO k.test:65 - Application started in 0.2 seconds.
2024-05-03 06:06:59.946  INFO k.test:77 - Responding at http://localhost:80
2024-05-03 06:06:59.947  INFO k.test:77 - Responding at https://localhost:443
]]></system-out>
  <system-err><![CDATA[]]></system-err>
</testsuite>
